c:\users\unoad\documents\2dgameengine\build\imguidemo.dir\debug\vc143.pdb
c:\users\unoad\documents\2dgameengine\build\imguidemo.dir\debug\imgui_impl_opengl3.obj
c:\users\unoad\documents\2dgameengine\build\imguidemo.dir\debug\imgui_impl_glfw.obj
c:\users\unoad\documents\2dgameengine\build\imguidemo.dir\debug\imgui_tables.obj
c:\users\unoad\documents\2dgameengine\build\imguidemo.dir\debug\imgui_widgets.obj
c:\users\unoad\documents\2dgameengine\build\imguidemo.dir\debug\imgui_draw.obj
c:\users\unoad\documents\2dgameengine\build\imguidemo.dir\debug\imgui.obj
c:\users\unoad\documents\2dgameengine\build\imguidemo.dir\debug\main.obj
c:\users\unoad\documents\2dgameengine\build\imguidemo.dir\debug\transform.obj
c:\users\unoad\documents\2dgameengine\build\imguidemo.dir\debug\component.obj
c:\users\unoad\documents\2dgameengine\build\imguidemo.dir\debug\gameobject.obj
c:\users\unoad\documents\2dgameengine\build\imguidemo.dir\debug\glad.obj
c:\users\unoad\documents\2dgameengine\build\cmakefiles\generate.stamp
c:\users\unoad\documents\2dgameengine\build\debug\imguidemo.exe
c:\users\unoad\documents\2dgameengine\build\debug\imguidemo.pdb
c:\users\unoad\documents\2dgameengine\build\imguidemo.dir\debug\imguidemo.ilk
c:\users\unoad\documents\2dgameengine\build\imguidemo.dir\debug\imguidemo.tlog\cl.command.1.tlog
c:\users\unoad\documents\2dgameengine\build\imguidemo.dir\debug\imguidemo.tlog\cl.items.tlog
c:\users\unoad\documents\2dgameengine\build\imguidemo.dir\debug\imguidemo.tlog\cl.read.1.tlog
c:\users\unoad\documents\2dgameengine\build\imguidemo.dir\debug\imguidemo.tlog\cl.write.1.tlog
c:\users\unoad\documents\2dgameengine\build\imguidemo.dir\debug\imguidemo.tlog\custombuild.command.1.tlog
c:\users\unoad\documents\2dgameengine\build\imguidemo.dir\debug\imguidemo.tlog\custombuild.read.1.tlog
c:\users\unoad\documents\2dgameengine\build\imguidemo.dir\debug\imguidemo.tlog\custombuild.write.1.tlog
c:\users\unoad\documents\2dgameengine\build\imguidemo.dir\debug\imguidemo.tlog\link.command.1.tlog
c:\users\unoad\documents\2dgameengine\build\imguidemo.dir\debug\imguidemo.tlog\link.read.1.tlog
c:\users\unoad\documents\2dgameengine\build\imguidemo.dir\debug\imguidemo.tlog\link.secondary.1.tlog
c:\users\unoad\documents\2dgameengine\build\imguidemo.dir\debug\imguidemo.tlog\link.write.1.tlog
